<?xml version="1.0" encoding="UTF-8"?>
<coverage generated="1646327775616" clover="3.2.0">
  <project timestamp="1646327775616" name="All files">
    <metrics statements="18" coveredstatements="18" conditionals="3" coveredconditionals="3" methods="4" coveredmethods="4" elements="25" coveredelements="25" complexity="0" loc="18" ncloc="18" packages="1" files="4" classes="4"/>
    <file name="AuthenticationError.js" path="D:\Hakaman\Dicoding\clean-architecture\src\Commons\exceptions\AuthenticationError.js">
      <metrics statements="4" coveredstatements="4" conditionals="0" coveredconditionals="0" methods="1" coveredmethods="1"/>
      <line num="1" count="1" type="stmt"/>
      <line num="5" count="1" type="stmt"/>
      <line num="6" count="1" type="stmt"/>
      <line num="10" count="1" type="stmt"/>
    </file>
    <file name="ClientError.js" path="D:\Hakaman\Dicoding\clean-architecture\src\Commons\exceptions\ClientError.js">
      <metrics statements="6" coveredstatements="6" conditionals="3" coveredconditionals="3" methods="1" coveredmethods="1"/>
      <line num="3" count="4" type="stmt"/>
      <line num="5" count="4" type="cond" truecount="2" falsecount="0"/>
      <line num="6" count="1" type="stmt"/>
      <line num="9" count="3" type="stmt"/>
      <line num="10" count="3" type="stmt"/>
      <line num="14" count="4" type="stmt"/>
    </file>
    <file name="InvariantError.js" path="D:\Hakaman\Dicoding\clean-architecture\src\Commons\exceptions\InvariantError.js">
      <metrics statements="4" coveredstatements="4" conditionals="0" coveredconditionals="0" methods="1" coveredmethods="1"/>
      <line num="1" count="1" type="stmt"/>
      <line num="5" count="1" type="stmt"/>
      <line num="6" count="1" type="stmt"/>
      <line num="10" count="1" type="stmt"/>
    </file>
    <file name="NotFoundError.js" path="D:\Hakaman\Dicoding\clean-architecture\src\Commons\exceptions\NotFoundError.js">
      <metrics statements="4" coveredstatements="4" conditionals="0" coveredconditionals="0" methods="1" coveredmethods="1"/>
      <line num="1" count="1" type="stmt"/>
      <line num="5" count="1" type="stmt"/>
      <line num="6" count="1" type="stmt"/>
      <line num="10" count="1" type="stmt"/>
    </file>
  </project>
</coverage>
